<?xml version="1.0" encoding="UTF-8"?>
<!-- Generated by org.testng.reporters.JUnitReportReporter -->
<testsuite hostname="DESKTOP-FFTQ1QM" failures="0" tests="1" name="com.automation.Test_001_Test" time="2.825" errors="0" timestamp="2021-12-10T01:37:29 EST" skipped="0">
  <testcase classname="com.automation.Test_001_Test" name="createBooking" time="2.825"/>
  <system-out/>
</testsuite> <!-- com.automation.Test_001_Test -->
